<?xml version="1.0" encoding="UTF-8"?>
<!-- Generated by org.testng.reporters.JUnitReportReporter -->
<testsuite hostname="Sunil" failures="0" tests="1" name="org.vance.TestImplementation.FirstTest" time="0.015" errors="0" timestamp="2023-02-06T16:21:58 IST" skipped="0">
  <testcase classname="org.vance.TestImplementation.FirstTest" name="dummyTest" time="0.015"/>
  <system-out/>
</testsuite> <!-- org.vance.TestImplementation.FirstTest -->
