<?xml version="1.0" encoding="UTF-8"?>
<!-- Generated by org.testng.reporters.JUnitReportReporter -->
<testsuite hostname="Sunil" failures="0" tests="2" name="org.vance.TestImplementation.AppSection" time="5.257" errors="1" timestamp="2023-02-06T21:49:03 IST" skipped="1">
  <testcase classname="org.vance.TestImplementation.AppSection" name="initDriver" time="5.257">
    <error message="Could not start a new session. Response code 500. Message: An unknown server-side error occurred while processing the command. Original error: Error getting device platform version. Original error: Error executing adbExec. Original error: &#039;Command &#039;&#039;C:\\Users\\Sunil Kumar\\AppData\\Local\\Android\\Sdk\\platform-tools\\adb.exe&#039; -P 5037 -s RZ8M93F2Y7A shell getprop ro.build.version.release&#039; exited with code 1&#039;; Command output: adb.exe: device unauthorized.
This adb server&#039;s $ADB_VENDOR_KEYS is not set
Try &#039;adb kill-server&#039; if that seems wrong.
Otherwise check for a confirmation dialog on your device.
 
Host info: host: &#039;SUNIL&#039;, ip: &#039;192.168.1.116&#039;
Build info: version: &#039;4.8.0&#039;, revision: &#039;267030adea&#039;
System info: os.name: &#039;Windows 10&#039;, os.arch: &#039;amd64&#039;, os.version: &#039;10.0&#039;, java.version: &#039;11.0.17&#039;
Driver info: io.appium.java_client.android.AndroidDriver
Command: [null, newSession {capabilities=[{appium:app=./src/main/resources/APIApp.apk, appium:appActivity=io.appium.android.apis.ApiDemos, appium:appPackage=io.appium.android.apis, appium:automationName=UiAutomator2, appium:deviceId=${deviceName}, appium:deviceName=${deviceName}, appium:newCommandTimeout=300, appium:noReset=true, platformName=ANDROID, appium:platformVersion=${osVersion}}], desiredCapabilities=Capabilities {app: ./src/main/resources/APIApp..., appActivity: io.appium.android.apis.ApiD..., appPackage: io.appium.android.apis, automationName: UiAutomator2, deviceId: ${deviceName}, deviceName: ${deviceName}, newCommandTimeout: 300, noReset: true, platformName: ANDROID, platformVersion: ${osVersion}}}]
Capabilities {}" type="org.openqa.selenium.SessionNotCreatedException">
      <![CDATA[org.openqa.selenium.SessionNotCreatedException: Could not start a new session. Response code 500. Message: An unknown server-side error occurred while processing the command. Original error: Error getting device platform version. Original error: Error executing adbExec. Original error: 'Command ''C:\\Users\\Sunil Kumar\\AppData\\Local\\Android\\Sdk\\platform-tools\\adb.exe' -P 5037 -s RZ8M93F2Y7A shell getprop ro.build.version.release' exited with code 1'; Command output: adb.exe: device unauthorized.
This adb server's $ADB_VENDOR_KEYS is not set
Try 'adb kill-server' if that seems wrong.
Otherwise check for a confirmation dialog on your device.
 
Host info: host: 'SUNIL', ip: '192.168.1.116'
Build info: version: '4.8.0', revision: '267030adea'
System info: os.name: 'Windows 10', os.arch: 'amd64', os.version: '10.0', java.version: '11.0.17'
Driver info: io.appium.java_client.android.AndroidDriver
Command: [null, newSession {capabilities=[{appium:app=./src/main/resources/APIApp.apk, appium:appActivity=io.appium.android.apis.ApiDemos, appium:appPackage=io.appium.android.apis, appium:automationName=UiAutomator2, appium:deviceId=${deviceName}, appium:deviceName=${deviceName}, appium:newCommandTimeout=300, appium:noReset=true, platformName=ANDROID, appium:platformVersion=${osVersion}}], desiredCapabilities=Capabilities {app: ./src/main/resources/APIApp..., appActivity: io.appium.android.apis.ApiD..., appPackage: io.appium.android.apis, automationName: UiAutomator2, deviceId: ${deviceName}, deviceName: ${deviceName}, newCommandTimeout: 300, noReset: true, platformName: ANDROID, platformVersion: ${osVersion}}}]
Capabilities {}
at org.openqa.selenium.remote.ProtocolHandshake.createSession(ProtocolHandshake.java:148)
at java.base/jdk.internal.reflect.NativeMethodAccessorImpl.invoke0(Native Method)
at java.base/jdk.internal.reflect.NativeMethodAccessorImpl.invoke(NativeMethodAccessorImpl.java:62)
at java.base/jdk.internal.reflect.DelegatingMethodAccessorImpl.invoke(DelegatingMethodAccessorImpl.java:43)
at java.base/java.lang.reflect.Method.invoke(Method.java:566)
at io.appium.java_client.remote.AppiumProtocolHandshake.createSession(AppiumProtocolHandshake.java:133)
at io.appium.java_client.remote.AppiumProtocolHandshake.createSession(AppiumProtocolHandshake.java:102)
at io.appium.java_client.remote.AppiumCommandExecutor.createSession(AppiumCommandExecutor.java:194)
at io.appium.java_client.remote.AppiumCommandExecutor.execute(AppiumCommandExecutor.java:262)
at org.openqa.selenium.remote.RemoteWebDriver.execute(RemoteWebDriver.java:543)
at io.appium.java_client.AppiumDriver.startSession(AppiumDriver.java:229)
at org.openqa.selenium.remote.RemoteWebDriver.<init>(RemoteWebDriver.java:157)
at io.appium.java_client.AppiumDriver.<init>(AppiumDriver.java:80)
at io.appium.java_client.AppiumDriver.<init>(AppiumDriver.java:92)
at io.appium.java_client.android.AndroidDriver.<init>(AndroidDriver.java:117)
at org.vance.Base.ProjectBase.androidCapabilitiesSetup(ProjectBase.java:66)
at org.vance.Base.InitDriver.initDriver(InitDriver.java:23)
at java.base/jdk.internal.reflect.NativeMethodAccessorImpl.invoke0(Native Method)
at java.base/jdk.internal.reflect.NativeMethodAccessorImpl.invoke(NativeMethodAccessorImpl.java:62)
at java.base/jdk.internal.reflect.DelegatingMethodAccessorImpl.invoke(DelegatingMethodAccessorImpl.java:43)
at java.base/java.lang.reflect.Method.invoke(Method.java:566)
at org.testng.internal.invokers.MethodInvocationHelper.invokeMethod(MethodInvocationHelper.java:139)
at org.testng.internal.invokers.MethodInvocationHelper.invokeMethodConsideringTimeout(MethodInvocationHelper.java:69)
at org.testng.internal.invokers.ConfigInvoker.invokeConfigurationMethod(ConfigInvoker.java:361)
at org.testng.internal.invokers.ConfigInvoker.invokeConfigurations(ConfigInvoker.java:296)
at org.testng.TestRunner.invokeTestConfigurations(TestRunner.java:644)
at org.testng.TestRunner.beforeRun(TestRunner.java:633)
at org.testng.TestRunner.run(TestRunner.java:595)
at org.testng.SuiteRunner.runTest(SuiteRunner.java:437)
at org.testng.SuiteRunner.runSequentially(SuiteRunner.java:431)
at org.testng.SuiteRunner.privateRun(SuiteRunner.java:391)
at org.testng.SuiteRunner.run(SuiteRunner.java:330)
at org.testng.SuiteRunnerWorker.runSuite(SuiteRunnerWorker.java:52)
at org.testng.SuiteRunnerWorker.run(SuiteRunnerWorker.java:95)
at org.testng.TestNG.runSuitesSequentially(TestNG.java:1256)
at org.testng.TestNG.runSuitesLocally(TestNG.java:1176)
at org.testng.TestNG.runSuites(TestNG.java:1099)
at org.testng.TestNG.run(TestNG.java:1067)
at org.apache.maven.surefire.testng.TestNGExecutor.run(TestNGExecutor.java:295)
at org.apache.maven.surefire.testng.TestNGXmlTestSuite.execute(TestNGXmlTestSuite.java:84)
at org.apache.maven.surefire.testng.TestNGProvider.invoke(TestNGProvider.java:90)
at org.apache.maven.surefire.booter.ForkedBooter.invokeProviderInSameClassLoader(ForkedBooter.java:203)
at org.apache.maven.surefire.booter.ForkedBooter.runSuitesInProcess(ForkedBooter.java:155)
at org.apache.maven.surefire.booter.ForkedBooter.main(ForkedBooter.java:103)
]]>
    </error>
  </testcase> <!-- initDriver -->
  <system-out/>
  <testcase classname="org.vance.TestImplementation.AppSection" name="appSectionFlowTest" time="0.000">
    <skipped/>
  </testcase> <!-- appSectionFlowTest -->
  <system-out/>
</testsuite> <!-- org.vance.TestImplementation.AppSection -->
